Vercel CLI 50.13.2
Retrieving project…
Deploying nasrulaminmuis-projects/karya
Uploading [--------------------] (0.0B/2.1KB)
Uploading [====================] (2.1KB/2.1KB)
Inspect: https://vercel.com/nasrulaminmuis-projects/karya/HmwJQKHJbPRPB3yU11JBgNY3nsyc [3s]
Production: https://karya-kyw5a4yd0-nasrulaminmuis-projects.vercel.app [3s]
https://karya-kyw5a4yd0-nasrulaminmuis-projects.vercel.appBuilding...
Building...
Building: Running build in Washington, D.C., USA (East) – iad1
Building: Build machine configuration: 2 cores, 8 GB
Building: Retrieving list of deployment files...
Building: Previous build caches not available.
Building: Downloading 162 deployment files...
Building: Running "vercel build"
Building: Vercel CLI 50.31.1
Building: Installing dependencies...
Building: npm warn deprecated whatwg-encoding@3.1.1: Use @exodus/bytes instead for a more spec-conformant and faster implementation
Building: npm warn deprecated inflight@1.0.6: This module is not supported, and leaks memory. Do not use it. Check out lru-cache if you want a good and tested way to coalesce async requests by a key value, which is much more comprehensive and powerful.
Building: npm warn deprecated glob@7.2.3: Old versions of glob are not supported, and contain widely publicized security vulnerabilities, which have been fixed in the current version. Please update. Support for old versions may be purchased (at exorbitant rates) by contacting i@izs.me
Building: npm warn deprecated glob@10.5.0: Old versions of glob are not supported, and contain widely publicized security vulnerabilities, which have been fixed in the current version. Please update. Support for old versions may be purchased (at exorbitant rates) by contacting i@izs.me
Building: added 859 packages in 22s
Building: 200 packages are looking for funding
Building: run `npm fund` for details
Building: Detected Next.js version: 16.1.6
Building: Running "npm run build"
Building: > karya@0.1.0 build
Building: > next build
Building: Attention: Next.js now collects completely anonymous telemetry regarding usage.
Building: This information is used to shape Next.js' roadmap and prioritize features.
Building: You can learn more, including how to opt-out if you'd not like to participate in this anonymous program, by visiting the following URL:
Building: https://nextjs.org/telemetry
Building: ▲ Next.js 16.1.6 (Turbopack)
Building: - Environments: .env
Building: Creating an optimized production build ...
Building: ✓ Compiled successfully in 15.7s
Building: Running TypeScript ...
Building: Failed to compile.
Building: ./src/app/api/auth/login/route.ts:41:47
Building: Type error: Parameter 'l' implicitly has an 'any' type.
Building: 39 |     const token = signToken({ userId: user.id, email: user.email });
Building: 40 |
Building: > 41 |     const githubLink = user.socialLinks.find((l) => l.platform === "github");
Building: |                                               ^
Building: 42 |     const linkedinLink = user.socialLinks.find((l) => l.platform === "linkedin");
Building: 43 |     const websiteLink = user.socialLinks.find((l) => l.platform === "website");
Building: 44 |
Building: Next.js build worker exited with code: 1 and signal: null
Building: Error: Command "npm run build" exited with 1
Error: Command "npm run build" exited with 1
